<?xml version="1.0" encoding="UTF-8"?>
<!-- Generated by org.testng.reporters.JUnitReportReporter -->
<testsuite skipped="0" hostname="Wassila-PC" name="test.AddCustomerTest" tests="1" failures="0" timestamp="2021-08-06T00:43:36 EDT" time="10.039" errors="0">
  <testcase name="validUserShouldBeAbleToCreateCustomer" time="10.039" classname="test.AddCustomerTest"/>
  <system-out/>
</testsuite> <!-- test.AddCustomerTest -->
