<?xml version="1.0" encoding="UTF-8"?>
<!-- Generated by org.testng.reporters.JUnitReportReporter -->
<testsuite skipped="0" hostname="Wassila-PC" name="test.AddCustomerTest" tests="1" failures="0" timestamp="2021-08-06T23:32:33 EDT" time="13.402" errors="0">
  <testcase name="validUserShouldBeAbleToAddCustomerOnListCustomers" time="13.402" classname="test.AddCustomerTest"/>
  <system-out/>
</testsuite> <!-- test.AddCustomerTest -->
