<?xml version="1.0" encoding="UTF-8"?>
<!-- Generated by org.testng.reporters.JUnitReportReporter -->
<testsuite skipped="0" hostname="Wassila-PC" name="test.LoginTest" tests="1" failures="0" timestamp="2021-08-06T23:50:08 EDT" time="5.723" errors="0">
  <testcase name="validUserShouldBeAbleToLogin" time="5.723" classname="test.LoginTest"/>
  <system-out/>
</testsuite> <!-- test.LoginTest -->
